# JRE version: Java(TM) SE Runtime Environment (8.0_74-b02) (build 1.8.0_74-b02)
# Java VM: Java HotSpot(TM) 64-Bit Server VM (25.74-b02 mixed mode windows-amd64 compressed oops)
Heap:
 PSYoungGen      total 72192K, used 4646K [0x00000000eb400000, 0x00000000f0200000, 0x0000000100000000)
  eden space 65024K, 7% used [0x00000000eb400000,0x00000000eb889940,0x00000000ef380000)
  from space 7168K, 0% used [0x00000000ef380000,0x00000000ef380000,0x00000000efa80000)
  to   space 6656K, 0% used [0x00000000efa80000,0x00000000efa80000,0x00000000f0100000)
 ParOldGen       total 39424K, used 8205K [0x00000000c1c00000, 0x00000000c4280000, 0x00000000eb400000)
  object space 39424K, 20% used [0x00000000c1c00000,0x00000000c2403468,0x00000000c4280000)
 Metaspace       used 29154K, capacity 30624K, committed 30848K, reserved 1079296K
  class space    used 3891K, capacity 4165K, committed 4224K, reserved 1048576K
GC Heap History (10 events):
Event: 3.932 GC heap before
{Heap before GC invocations=36 (full 15):
 PSYoungGen      total 72192K, used 0K [0x00000000eb400000, 0x00000000f0200000, 0x0000000100000000)
  eden space 65024K, 0% used [0x00000000eb400000,0x00000000eb400000,0x00000000ef380000)
  from space 7168K, 0% used [0x00000000ef380000,0x00000000ef380000,0x00000000efa80000)
  to   space 6656K, 0% used [0x00000000efa80000,0x00000000efa80000,0x00000000f0100000)
 ParOldGen       total 39424K, used 8206K [0x00000000c1c00000, 0x00000000c4280000, 0x00000000eb400000)
  object space 39424K, 20% used [0x00000000c1c00000,0x00000000c2403a48,0x00000000c4280000)
 Metaspace       used 28991K, capacity 30312K, committed 30592K, reserved 1081344K
  class space    used 3862K, capacity 4145K, committed 4224K, reserved 1048576K
Event: 3.972 GC heap after
Heap after GC invocations=36 (full 15):
 PSYoungGen      total 72192K, used 0K [0x00000000eb400000, 0x00000000f0200000, 0x0000000100000000)
  eden space 65024K, 0% used [0x00000000eb400000,0x00000000eb400000,0x00000000ef380000)
  from space 7168K, 0% used [0x00000000ef380000,0x00000000ef380000,0x00000000efa80000)
  to   space 6656K, 0% used [0x00000000efa80000,0x00000000efa80000,0x00000000f0100000)
 ParOldGen       total 39424K, used 8205K [0x00000000c1c00000, 0x00000000c4280000, 0x00000000eb400000)
  object space 39424K, 20% used [0x00000000c1c00000,0x00000000c2403618,0x00000000c4280000)
 Metaspace       used 28991K, capacity 30312K, committed 30592K, reserved 1077248K
  class space    used 3862K, capacity 4145K, committed 4224K, reserved 1048576K
}
Event: 3.972 GC heap before
{Heap before GC invocations=37 (full 15):
 PSYoungGen      total 72192K, used 69K [0x00000000eb400000, 0x00000000f0200000, 0x0000000100000000)
  eden space 65024K, 0% used [0x00000000eb400000,0x00000000eb411730,0x00000000ef380000)
  from space 7168K, 0% used [0x00000000ef380000,0x00000000ef380000,0x00000000efa80000)
  to   space 6656K, 0% used [0x00000000efa80000,0x00000000efa80000,0x00000000f0100000)
 ParOldGen       total 39424K, used 8205K [0x00000000c1c00000, 0x00000000c4280000, 0x00000000eb400000)
  object space 39424K, 20% used [0x00000000c1c00000,0x00000000c2403618,0x00000000c4280000)
 Metaspace       used 28991K, capacity 30312K, committed 30592K, reserved 1083392K
  class space    used 3862K, capacity 4145K, committed 4224K, reserved 1048576K
Event: 3.973 GC heap after
Heap after GC invocations=37 (full 15):
 PSYoungGen      total 71680K, used 64K [0x00000000eb400000, 0x00000000f0200000, 0x0000000100000000)
  eden space 65024K, 0% used [0x00000000eb400000,0x00000000eb400000,0x00000000ef380000)
  from space 6656K, 0% used [0x00000000efa80000,0x00000000efa90000,0x00000000f0100000)
  to   space 7168K, 0% used [0x00000000ef380000,0x00000000ef380000,0x00000000efa80000)
 ParOldGen       total 39424K, used 8205K [0x00000000c1c00000, 0x00000000c4280000, 0x00000000eb400000)
  object space 39424K, 20% used [0x00000000c1c00000,0x00000000c2403618,0x00000000c4280000)
 Metaspace       used 28991K, capacity 30312K, committed 30592K, reserved 1083392K
  class space    used 3862K, capacity 4145K, committed 4224K, reserved 1048576K
}
Event: 3.973 GC heap before
{Heap before GC invocations=38 (full 16):
 PSYoungGen      total 71680K, used 64K [0x00000000eb400000, 0x00000000f0200000, 0x0000000100000000)
  eden space 65024K, 0% used [0x00000000eb400000,0x00000000eb400000,0x00000000ef380000)
  from space 6656K, 0% used [0x00000000efa80000,0x00000000efa90000,0x00000000f0100000)
  to   space 7168K, 0% used [0x00000000ef380000,0x00000000ef380000,0x00000000efa80000)
 ParOldGen       total 39424K, used 8205K [0x00000000c1c00000, 0x00000000c4280000, 0x00000000eb400000)
  object space 39424K, 20% used [0x00000000c1c00000,0x00000000c2403618,0x00000000c4280000)
 Metaspace       used 28991K, capacity 30312K, committed 30592K, reserved 1083392K
  class space    used 3862K, capacity 4145K, committed 4224K, reserved 1048576K
Event: 4.010 GC heap after
Heap after GC invocations=38 (full 16):
 PSYoungGen      total 71680K, used 0K [0x00000000eb400000, 0x00000000f0200000, 0x0000000100000000)
  eden space 65024K, 0% used [0x00000000eb400000,0x00000000eb400000,0x00000000ef380000)
  from space 6656K, 0% used [0x00000000efa80000,0x00000000efa80000,0x00000000f0100000)
  to   space 7168K, 0% used [0x00000000ef380000,0x00000000ef380000,0x00000000efa80000)
 ParOldGen       total 39424K, used 8205K [0x00000000c1c00000, 0x00000000c4280000, 0x00000000eb400000)
  object space 39424K, 20% used [0x00000000c1c00000,0x00000000c2403468,0x00000000c4280000)
 Metaspace       used 28991K, capacity 30312K, committed 30592K, reserved 1077248K
  class space    used 3862K, capacity 4145K, committed 4224K, reserved 1048576K
}
Event: 4.010 GC heap before
{Heap before GC invocations=39 (full 16):
 PSYoungGen      total 71680K, used 0K [0x00000000eb400000, 0x00000000f0200000, 0x0000000100000000)
  eden space 65024K, 0% used [0x00000000eb400000,0x00000000eb400000,0x00000000ef380000)
  from space 6656K, 0% used [0x00000000efa80000,0x00000000efa80000,0x00000000f0100000)
  to   space 7168K, 0% used [0x00000000ef380000,0x00000000ef380000,0x00000000efa80000)
 ParOldGen       total 39424K, used 8205K [0x00000000c1c00000, 0x00000000c4280000, 0x00000000eb400000)
  object space 39424K, 20% used [0x00000000c1c00000,0x00000000c2403468,0x00000000c4280000)
 Metaspace       used 28991K, capacity 30312K, committed 30592K, reserved 1081344K
  class space    used 3862K, capacity 4145K, committed 4224K, reserved 1048576K
Event: 4.011 GC heap after
Heap after GC invocations=39 (full 16):
 PSYoungGen      total 72192K, used 0K [0x00000000eb400000, 0x00000000f0200000, 0x0000000100000000)
  eden space 65024K, 0% used [0x00000000eb400000,0x00000000eb400000,0x00000000ef380000)
  from space 7168K, 0% used [0x00000000ef380000,0x00000000ef380000,0x00000000efa80000)
  to   space 6656K, 0% used [0x00000000efa80000,0x00000000efa80000,0x00000000f0100000)
 ParOldGen       total 39424K, used 8205K [0x00000000c1c00000, 0x00000000c4280000, 0x00000000eb400000)
  object space 39424K, 20% used [0x00000000c1c00000,0x00000000c2403468,0x00000000c4280000)
 Metaspace       used 28991K, capacity 30312K, committed 30592K, reserved 1081344K
  class space    used 3862K, capacity 4145K, committed 4224K, reserved 1048576K
}
Event: 4.011 GC heap before
{Heap before GC invocations=40 (full 17):
 PSYoungGen      total 72192K, used 0K [0x00000000eb400000, 0x00000000f0200000, 0x0000000100000000)
  eden space 65024K, 0% used [0x00000000eb400000,0x00000000eb400000,0x00000000ef380000)
  from space 7168K, 0% used [0x00000000ef380000,0x00000000ef380000,0x00000000efa80000)
  to   space 6656K, 0% used [0x00000000efa80000,0x00000000efa80000,0x00000000f0100000)
 ParOldGen       total 39424K, used 8205K [0x00000000c1c00000, 0x00000000c4280000, 0x00000000eb400000)
  object space 39424K, 20% used [0x00000000c1c00000,0x00000000c2403468,0x00000000c4280000)
 Metaspace       used 28991K, capacity 30312K, committed 30592K, reserved 1081344K
  class space    used 3862K, capacity 4145K, committed 4224K, reserved 1048576K
Event: 4.033 GC heap after
Heap after GC invocations=40 (full 17):
 PSYoungGen      total 72192K, used 0K [0x00000000eb400000, 0x00000000f0200000, 0x0000000100000000)
  eden space 65024K, 0% used [0x00000000eb400000,0x00000000eb400000,0x00000000ef380000)
  from space 7168K, 0% used [0x00000000ef380000,0x00000000ef380000,0x00000000efa80000)
  to   space 6656K, 0% used [0x00000000efa80000,0x00000000efa80000,0x00000000f0100000)
 ParOldGen       total 39424K, used 8205K [0x00000000c1c00000, 0x00000000c4280000, 0x00000000eb400000)
  object space 39424K, 20% used [0x00000000c1c00000,0x00000000c2403468,0x00000000c4280000)
 Metaspace       used 28991K, capacity 30312K, committed 30592K, reserved 1077248K
  class space    used 3862K, capacity 4145K, committed 4224K, reserved 1048576K
}

